[2024-05-24 11:21:17Z INFO HostContext] No proxy settings were found based on environmental variables (http_proxy/https_proxy/HTTP_PROXY/HTTPS_PROXY)
[2024-05-24 11:21:17Z INFO HostContext] Well known directory 'Bin': 'C:\Users\VQA\OneDrive - kyonggi.ac.kr\Máy tính\Web-project\actions-runner\bin'
[2024-05-24 11:21:17Z INFO HostContext] Well known directory 'Root': 'C:\Users\VQA\OneDrive - kyonggi.ac.kr\Máy tính\Web-project\actions-runner'
[2024-05-24 11:21:17Z INFO HostContext] Well known config file 'Credentials': 'C:\Users\VQA\OneDrive - kyonggi.ac.kr\Máy tính\Web-project\actions-runner\.credentials'
[2024-05-24 11:21:17Z INFO HostContext] Well known directory 'Bin': 'C:\Users\VQA\OneDrive - kyonggi.ac.kr\Máy tính\Web-project\actions-runner\bin'
[2024-05-24 11:21:17Z INFO HostContext] Well known directory 'Root': 'C:\Users\VQA\OneDrive - kyonggi.ac.kr\Máy tính\Web-project\actions-runner'
[2024-05-24 11:21:17Z INFO HostContext] Well known config file 'Runner': 'C:\Users\VQA\OneDrive - kyonggi.ac.kr\Máy tính\Web-project\actions-runner\.runner'
[2024-05-24 11:21:17Z INFO Listener] Runner is built for Windows (X64) - win-x64.
[2024-05-24 11:21:17Z INFO Listener] RuntimeInformation: Microsoft Windows 10.0.19045.
[2024-05-24 11:21:17Z INFO Listener] Version: 2.316.1
[2024-05-24 11:21:17Z INFO Listener] Commit: 9ac138d10eac15c71493f004f1b1bc919ead40de
[2024-05-24 11:21:17Z INFO Listener] Culture: vi-VN
[2024-05-24 11:21:17Z INFO Listener] UI Culture: vi-VN
[2024-05-24 11:21:17Z INFO HostContext] Well known directory 'Bin': 'C:\Users\VQA\OneDrive - kyonggi.ac.kr\Máy tính\Web-project\actions-runner\bin'
[2024-05-24 11:21:17Z INFO HostContext] Well known directory 'Root': 'C:\Users\VQA\OneDrive - kyonggi.ac.kr\Máy tính\Web-project\actions-runner'
[2024-05-24 11:21:17Z INFO Listener] Validating directory permissions for: 'C:\Users\VQA\OneDrive - kyonggi.ac.kr\Máy tính\Web-project\actions-runner'
[2024-05-24 11:21:17Z INFO CommandLineParser] Parse
[2024-05-24 11:21:17Z INFO CommandLineParser] Parsing 1 args
[2024-05-24 11:21:17Z INFO CommandLineParser] parsing argument
[2024-05-24 11:21:17Z INFO CommandLineParser] HasArgs: False
[2024-05-24 11:21:17Z INFO CommandLineParser] Adding Command: run
[2024-05-24 11:21:17Z INFO Listener] Arguments parsed
[2024-05-24 11:21:17Z INFO Runner] ExecuteCommand
[2024-05-24 11:21:17Z INFO ConfigurationStore] currentAssemblyLocation: C:\Users\VQA\OneDrive - kyonggi.ac.kr\Máy tính\Web-project\actions-runner\bin\Runner.Listener.dll
[2024-05-24 11:21:17Z INFO HostContext] Well known directory 'Bin': 'C:\Users\VQA\OneDrive - kyonggi.ac.kr\Máy tính\Web-project\actions-runner\bin'
[2024-05-24 11:21:17Z INFO ConfigurationStore] binPath: C:\Users\VQA\OneDrive - kyonggi.ac.kr\Máy tính\Web-project\actions-runner\bin
[2024-05-24 11:21:17Z INFO HostContext] Well known directory 'Bin': 'C:\Users\VQA\OneDrive - kyonggi.ac.kr\Máy tính\Web-project\actions-runner\bin'
[2024-05-24 11:21:17Z INFO HostContext] Well known directory 'Root': 'C:\Users\VQA\OneDrive - kyonggi.ac.kr\Máy tính\Web-project\actions-runner'
[2024-05-24 11:21:17Z INFO ConfigurationStore] RootFolder: C:\Users\VQA\OneDrive - kyonggi.ac.kr\Máy tính\Web-project\actions-runner
[2024-05-24 11:21:17Z INFO HostContext] Well known directory 'Bin': 'C:\Users\VQA\OneDrive - kyonggi.ac.kr\Máy tính\Web-project\actions-runner\bin'
[2024-05-24 11:21:17Z INFO HostContext] Well known directory 'Root': 'C:\Users\VQA\OneDrive - kyonggi.ac.kr\Máy tính\Web-project\actions-runner'
[2024-05-24 11:21:17Z INFO HostContext] Well known config file 'Runner': 'C:\Users\VQA\OneDrive - kyonggi.ac.kr\Máy tính\Web-project\actions-runner\.runner'
[2024-05-24 11:21:17Z INFO ConfigurationStore] ConfigFilePath: C:\Users\VQA\OneDrive - kyonggi.ac.kr\Máy tính\Web-project\actions-runner\.runner
[2024-05-24 11:21:17Z INFO HostContext] Well known directory 'Bin': 'C:\Users\VQA\OneDrive - kyonggi.ac.kr\Máy tính\Web-project\actions-runner\bin'
[2024-05-24 11:21:17Z INFO HostContext] Well known directory 'Root': 'C:\Users\VQA\OneDrive - kyonggi.ac.kr\Máy tính\Web-project\actions-runner'
[2024-05-24 11:21:17Z INFO HostContext] Well known config file 'Credentials': 'C:\Users\VQA\OneDrive - kyonggi.ac.kr\Máy tính\Web-project\actions-runner\.credentials'
[2024-05-24 11:21:17Z INFO ConfigurationStore] CredFilePath: C:\Users\VQA\OneDrive - kyonggi.ac.kr\Máy tính\Web-project\actions-runner\.credentials
[2024-05-24 11:21:17Z INFO HostContext] Well known directory 'Bin': 'C:\Users\VQA\OneDrive - kyonggi.ac.kr\Máy tính\Web-project\actions-runner\bin'
[2024-05-24 11:21:17Z INFO HostContext] Well known directory 'Root': 'C:\Users\VQA\OneDrive - kyonggi.ac.kr\Máy tính\Web-project\actions-runner'
[2024-05-24 11:21:17Z INFO HostContext] Well known config file 'MigratedCredentials': 'C:\Users\VQA\OneDrive - kyonggi.ac.kr\Máy tính\Web-project\actions-runner\.credentials_migrated'
[2024-05-24 11:21:17Z INFO ConfigurationStore] MigratedCredFilePath: C:\Users\VQA\OneDrive - kyonggi.ac.kr\Máy tính\Web-project\actions-runner\.credentials_migrated
[2024-05-24 11:21:17Z INFO HostContext] Well known directory 'Bin': 'C:\Users\VQA\OneDrive - kyonggi.ac.kr\Máy tính\Web-project\actions-runner\bin'
[2024-05-24 11:21:17Z INFO HostContext] Well known directory 'Root': 'C:\Users\VQA\OneDrive - kyonggi.ac.kr\Máy tính\Web-project\actions-runner'
[2024-05-24 11:21:17Z INFO HostContext] Well known config file 'Service': 'C:\Users\VQA\OneDrive - kyonggi.ac.kr\Máy tính\Web-project\actions-runner\.service'
[2024-05-24 11:21:17Z INFO ConfigurationStore] ServiceConfigFilePath: C:\Users\VQA\OneDrive - kyonggi.ac.kr\Máy tính\Web-project\actions-runner\.service
[2024-05-24 11:21:17Z INFO CommandSettings] Flag 'help': 'False'
[2024-05-24 11:21:17Z INFO CommandSettings] Flag 'version': 'False'
[2024-05-24 11:21:17Z INFO CommandSettings] Flag 'commit': 'False'
[2024-05-24 11:21:17Z INFO CommandSettings] Flag 'check': 'False'
[2024-05-24 11:21:17Z INFO CommandSettings] Command 'configure': 'False'
[2024-05-24 11:21:17Z INFO CommandSettings] Command 'remove': 'False'
[2024-05-24 11:21:17Z INFO CommandSettings] Command 'warmup': 'False'
[2024-05-24 11:21:17Z INFO ConfigurationManager] LoadSettings
[2024-05-24 11:21:17Z INFO ConfigurationStore] IsConfigured()
[2024-05-24 11:21:17Z INFO ConfigurationStore] IsConfigured: True
[2024-05-24 11:21:17Z INFO ConfigurationManager] Is configured: True
[2024-05-24 11:21:17Z INFO ConfigurationStore] Read setting file: 312 chars
[2024-05-24 11:21:17Z INFO ConfigurationManager] Settings Loaded
[2024-05-24 11:21:17Z INFO ConfigurationStore] IsServiceConfigured()
[2024-05-24 11:21:17Z INFO ConfigurationStore] IsServiceConfigured: False
[2024-05-24 11:21:17Z INFO CommandSettings] Command 'run': 'True'
[2024-05-24 11:21:17Z INFO ConfigurationStore] IsConfigured()
[2024-05-24 11:21:17Z INFO ConfigurationStore] IsConfigured: True
[2024-05-24 11:21:17Z INFO ConfigurationManager] Is configured: True
[2024-05-24 11:21:17Z INFO Runner] Could not parse the argument value '' for StartupType. Defaulting to Manual
[2024-05-24 11:21:17Z INFO Runner] Set runner startup type - Manual
[2024-05-24 11:21:17Z INFO CommandSettings] Flag 'once': 'False'
[2024-05-24 11:21:17Z INFO CommandSettings] Flag 'once': 'False'
[2024-05-24 11:21:17Z INFO Runner] RunAsync
[2024-05-24 11:21:17Z INFO ConfigurationManager] LoadSettings
[2024-05-24 11:21:17Z INFO ConfigurationStore] IsConfigured()
[2024-05-24 11:21:17Z INFO ConfigurationStore] IsConfigured: True
[2024-05-24 11:21:17Z INFO ConfigurationManager] Is configured: True
[2024-05-24 11:21:17Z INFO ConfigurationManager] Settings Loaded
[2024-05-24 11:21:17Z INFO MessageListener] {
  "AgentId": 21,
  "AgentName": "DESKTOP-ENTEHIC",
  "PoolId": 1,
  "PoolName": "Default",
  "ServerUrl": "https://pipelinesghubeus25.actions.githubusercontent.com/l0ZnJELBdXLtxCymAwOrBbv6VWZADX9TDD7o1jD0Cu36qWNkuE/",
  "GitHubUrl": "https://github.com/mitsumi73/Web-project",
  "WorkFolder": "_work"
}
[2024-05-24 11:21:17Z INFO MessageListener] Loading Credentials
[2024-05-24 11:21:17Z INFO ConfigurationStore] HasCredentials()
[2024-05-24 11:21:17Z INFO ConfigurationStore] stored True
[2024-05-24 11:21:17Z INFO CredentialManager] GetCredentialProvider
[2024-05-24 11:21:17Z INFO CredentialManager] Creating type OAuth
[2024-05-24 11:21:17Z INFO CredentialManager] Creating credential type: OAuth
[2024-05-24 11:21:17Z INFO HostContext] Well known directory 'Bin': 'C:\Users\VQA\OneDrive - kyonggi.ac.kr\Máy tính\Web-project\actions-runner\bin'
[2024-05-24 11:21:17Z INFO HostContext] Well known directory 'Root': 'C:\Users\VQA\OneDrive - kyonggi.ac.kr\Máy tính\Web-project\actions-runner'
[2024-05-24 11:21:17Z INFO HostContext] Well known config file 'RSACredentials': 'C:\Users\VQA\OneDrive - kyonggi.ac.kr\Máy tính\Web-project\actions-runner\.credentials_rsaparams'
[2024-05-24 11:21:17Z INFO RSAEncryptedFileKeyManager] Loading RSA key parameters from file C:\Users\VQA\OneDrive - kyonggi.ac.kr\Máy tính\Web-project\actions-runner\.credentials_rsaparams
[2024-05-24 11:21:17Z INFO MessageListener] Attempt to create session.
[2024-05-24 11:21:17Z INFO MessageListener] Connecting to the Runner Server...
[2024-05-24 11:21:17Z INFO RunnerServer] EstablishVssConnection
[2024-05-24 11:21:17Z INFO RunnerServer] Establish connection with 100 seconds timeout.
[2024-05-24 11:21:17Z INFO GitHubActionsService] Starting operation Location.GetConnectionData
[2024-05-24 11:21:17Z INFO RunnerServer] EstablishVssConnection
[2024-05-24 11:21:17Z INFO RunnerServer] Establish connection with 60 seconds timeout.
[2024-05-24 11:21:17Z INFO GitHubActionsService] Starting operation Location.GetConnectionData
[2024-05-24 11:21:17Z INFO RunnerServer] EstablishVssConnection
[2024-05-24 11:21:17Z INFO RunnerServer] Establish connection with 60 seconds timeout.
[2024-05-24 11:21:17Z INFO GitHubActionsService] Starting operation Location.GetConnectionData
[2024-05-24 11:21:18Z INFO GitHubActionsService] Finished operation Location.GetConnectionData
[2024-05-24 11:21:18Z INFO GitHubActionsService] Finished operation Location.GetConnectionData
[2024-05-24 11:21:18Z INFO GitHubActionsService] Finished operation Location.GetConnectionData
[2024-05-24 11:21:18Z INFO MessageListener] VssConnection created
[2024-05-24 11:21:18Z INFO Terminal] WRITE LINE: 
[2024-05-24 11:21:18Z INFO Terminal] WRITE LINE: 
[2024-05-24 11:21:18Z INFO RSAEncryptedFileKeyManager] Loading RSA key parameters from file C:\Users\VQA\OneDrive - kyonggi.ac.kr\Máy tính\Web-project\actions-runner\.credentials_rsaparams
[2024-05-24 11:21:18Z INFO RSAEncryptedFileKeyManager] Loading RSA key parameters from file C:\Users\VQA\OneDrive - kyonggi.ac.kr\Máy tính\Web-project\actions-runner\.credentials_rsaparams
[2024-05-24 11:21:19Z INFO GitHubActionsService] AAD Correlation ID for this token request: Unknown
[2024-05-24 11:21:19Z INFO MessageListener] Session created.
[2024-05-24 11:21:19Z INFO Terminal] WRITE LINE: Current runner version: '2.316.1'
[2024-05-24 11:21:19Z INFO Terminal] WRITE LINE: 2024-05-24 11:21:19Z: Listening for Jobs
[2024-05-24 11:21:19Z INFO JobDispatcher] Set runner/worker IPC timeout to 30 seconds.
[2024-05-24 11:27:40Z INFO HostContext] Runner will be shutdown for UserCancelled
[2024-05-24 11:27:40Z WARN GitHubActionsService] GET request to https://pipelinesghubeus25.actions.githubusercontent.com/l0ZnJELBdXLtxCymAwOrBbv6VWZADX9TDD7o1jD0Cu36qWNkuE/_apis/distributedtask/pools/1/messages?sessionId=87076d97-6c17-46fe-a00f-32f811e529c2&status=Online&runnerVersion=2.316.1&os=Windows&architecture=X64&disableUpdate=false has been cancelled.
[2024-05-24 11:27:40Z INFO MessageListener] Get next message has been cancelled.
[2024-05-24 11:27:40Z INFO JobDispatcher] Shutting down JobDispatcher. Make sure all WorkerDispatcher has finished.
[2024-05-24 11:27:40Z INFO Runner] Deleting Runner Session...
